0 silly argv { _: [ 'clean' ],
0 silly argv   lernaVersion: '3.19.0',
0 silly argv   '$0': 'node_modules\\lerna\\cli.js' }
1 notice cli v3.19.0
2 verbose rootPath C:\Quirino\Development\react-monorepos-boilerplate
3 info versioning independent
4 info Removing the following directories:
5 info clean packages\component-library\node_modules
5 info clean packages\main-app\node_modules
5 info clean packages\shared-config\node_modules
6 info clean removing C:\Quirino\Development\react-monorepos-boilerplate\packages\component-library\node_modules
7 silly rimrafDir C:\Quirino\Development\react-monorepos-boilerplate\packages\component-library\node_modules
8 info clean removing C:\Quirino\Development\react-monorepos-boilerplate\packages\main-app\node_modules
9 silly rimrafDir C:\Quirino\Development\react-monorepos-boilerplate\packages\main-app\node_modules
10 info clean removing C:\Quirino\Development\react-monorepos-boilerplate\packages\shared-config\node_modules
11 silly rimrafDir C:\Quirino\Development\react-monorepos-boilerplate\packages\shared-config\node_modules
12 verbose rimrafDir removed C:\Quirino\Development\react-monorepos-boilerplate\packages\shared-config\node_modules
13 error Error: Command failed: C:\Program Files\nodejs\node.exe C:\Quirino\Development\react-monorepos-boilerplate\node_modules\rimraf\bin.js --no-glob C:\Quirino\Development\react-monorepos-boilerplate\packages\component-library\node_modules\
13 error     at makeError (C:\Quirino\Development\react-monorepos-boilerplate\node_modules\execa\index.js:174:9)
13 error     at Promise.all.then.arr (C:\Quirino\Development\react-monorepos-boilerplate\node_modules\execa\index.js:278:16)
